<?xml version="1.0" encoding="UTF-8"?>
<testng-results ignored="0" total="16" passed="16" failed="0" skipped="0">
  <reporter-output>
  </reporter-output>
  <suite started-at="2026-07-31T22:01:58 IST" name="SmokeSuite" finished-at="2026-07-31T22:02:01 IST" duration-ms="2859">
    <groups>
    </groups>
    <test started-at="2026-07-31T22:01:58 IST" name="SmokeTest" finished-at="2026-07-31T22:02:01 IST" duration-ms="2859">
      <class name="day50.FirstTestNG">
        <test-method signature="demo()[pri:0, instance:day50.FirstTestNG@3590fc5b]" started-at="2026-07-31T22:01:58 IST" name="demo" finished-at="2026-07-31T22:01:58 IST" duration-ms="3" status="PASS">
          <reporter-output>
          </reporter-output>
        </test-method> <!-- demo -->
      </class> <!-- day50.FirstTestNG -->
      <class name="day50.LoginDemo2">
        <test-method signature="login()[pri:1, instance:day50.LoginDemo2@41d477ed]" started-at="2026-07-31T22:01:58 IST" name="login" finished-at="2026-07-31T22:01:58 IST" duration-ms="3" status="PASS">
          <reporter-output>
          </reporter-output>
        </test-method> <!-- login -->
        <test-method signature="search()[pri:2, instance:day50.LoginDemo2@41d477ed]" started-at="2026-07-31T22:01:58 IST" name="search" finished-at="2026-07-31T22:01:58 IST" duration-ms="2" status="PASS">
          <reporter-output>
          </reporter-output>
        </test-method> <!-- search -->
        <test-method signature="clickOnProduct()[pri:3, instance:day50.LoginDemo2@41d477ed]" started-at="2026-07-31T22:01:58 IST" name="clickOnProduct" finished-at="2026-07-31T22:01:58 IST" duration-ms="4" status="PASS">
          <reporter-output>
          </reporter-output>
        </test-method> <!-- clickOnProduct -->
        <test-method signature="cart()[pri:4, instance:day50.LoginDemo2@41d477ed]" started-at="2026-07-31T22:01:58 IST" name="cart" finished-at="2026-07-31T22:01:58 IST" duration-ms="4" status="PASS">
          <reporter-output>
          </reporter-output>
        </test-method> <!-- cart -->
        <test-method signature="logout()[pri:5, instance:day50.LoginDemo2@41d477ed]" started-at="2026-07-31T22:01:58 IST" name="logout" finished-at="2026-07-31T22:01:58 IST" duration-ms="3" status="PASS">
          <reporter-output>
          </reporter-output>
        </test-method> <!-- logout -->
      </class> <!-- day50.LoginDemo2 -->
      <class name="day50.SwagDemo">
        <test-method signature="launchBrowser()[pri:1, instance:day50.SwagDemo@397fbdb]" started-at="2026-07-31T22:01:58 IST" name="launchBrowser" finished-at="2026-07-31T22:02:00 IST" duration-ms="1787" status="PASS">
          <reporter-output>
          </reporter-output>
        </test-method> <!-- launchBrowser -->
        <test-method signature="openApplication()[pri:2, instance:day50.SwagDemo@397fbdb]" started-at="2026-07-31T22:02:00 IST" name="openApplication" finished-at="2026-07-31T22:02:00 IST" duration-ms="327" status="PASS">
          <reporter-output>
          </reporter-output>
        </test-method> <!-- openApplication -->
        <test-method signature="login()[pri:3, instance:day50.SwagDemo@397fbdb]" started-at="2026-07-31T22:02:00 IST" name="login" finished-at="2026-07-31T22:02:01 IST" duration-ms="257" status="PASS">
          <reporter-output>
          </reporter-output>
        </test-method> <!-- login -->
        <test-method signature="verifyHomePage()[pri:4, instance:day50.SwagDemo@397fbdb]" started-at="2026-07-31T22:02:01 IST" name="verifyHomePage" finished-at="2026-07-31T22:02:01 IST" duration-ms="10" status="PASS">
          <reporter-output>
          </reporter-output>
        </test-method> <!-- verifyHomePage -->
        <test-method signature="closeBrowser()[pri:5, instance:day50.SwagDemo@397fbdb]" started-at="2026-07-31T22:02:01 IST" name="closeBrowser" finished-at="2026-07-31T22:02:01 IST" duration-ms="326" status="PASS">
          <reporter-output>
          </reporter-output>
        </test-method> <!-- closeBrowser -->
      </class> <!-- day50.SwagDemo -->
      <class name="day50.LoginDemo">
        <test-method signature="cart()[pri:0, instance:day50.LoginDemo@7b98f307]" started-at="2026-07-31T22:01:58 IST" name="cart" finished-at="2026-07-31T22:01:58 IST" duration-ms="14" status="PASS">
          <reporter-output>
          </reporter-output>
        </test-method> <!-- cart -->
        <test-method signature="clickOnProduct()[pri:0, instance:day50.LoginDemo@7b98f307]" started-at="2026-07-31T22:01:58 IST" name="clickOnProduct" finished-at="2026-07-31T22:01:58 IST" duration-ms="1" status="PASS">
          <reporter-output>
          </reporter-output>
        </test-method> <!-- clickOnProduct -->
        <test-method signature="login()[pri:0, instance:day50.LoginDemo@7b98f307]" started-at="2026-07-31T22:01:58 IST" name="login" finished-at="2026-07-31T22:01:58 IST" duration-ms="4" status="PASS">
          <reporter-output>
          </reporter-output>
        </test-method> <!-- login -->
        <test-method signature="logout()[pri:0, instance:day50.LoginDemo@7b98f307]" started-at="2026-07-31T22:01:58 IST" name="logout" finished-at="2026-07-31T22:01:58 IST" duration-ms="3" status="PASS">
          <reporter-output>
          </reporter-output>
        </test-method> <!-- logout -->
        <test-method signature="search()[pri:0, instance:day50.LoginDemo@7b98f307]" started-at="2026-07-31T22:01:58 IST" name="search" finished-at="2026-07-31T22:01:58 IST" duration-ms="2" status="PASS">
          <reporter-output>
          </reporter-output>
        </test-method> <!-- search -->
      </class> <!-- day50.LoginDemo -->
    </test> <!-- SmokeTest -->
  </suite> <!-- SmokeSuite -->
</testng-results>
