<?xml version="1.0" encoding="UTF-8"?>
<testng-results ignored="1" total="4" passed="3" failed="0" skipped="0">
  <reporter-output>
  </reporter-output>
  <suite started-at="2026-08-08T10:57:00 IST" name="Suite_1" finished-at="2026-08-08T10:57:00 IST" duration-ms="86">
    <groups>
      <group name="SmokeTest">
        <method signature="TestDemo_52_4.login()[pri:0, instance:day52.TestDemo_52_4@4218d6a3]" name="login" class="day52.TestDemo_52_4"/>
        <method signature="TestDemo_52_4.logout()[pri:0, instance:day52.TestDemo_52_4@4218d6a3]" name="logout" class="day52.TestDemo_52_4"/>
      </group> <!-- SmokeTest -->
      <group name="RegressionTest">
        <method signature="TestDemo_52_4.login()[pri:0, instance:day52.TestDemo_52_4@4218d6a3]" name="login" class="day52.TestDemo_52_4"/>
        <method signature="TestDemo_52_4.logout()[pri:0, instance:day52.TestDemo_52_4@4218d6a3]" name="logout" class="day52.TestDemo_52_4"/>
        <method signature="TestDemo_52_4.payment()[pri:0, instance:day52.TestDemo_52_4@4218d6a3]" name="payment" class="day52.TestDemo_52_4"/>
      </group> <!-- RegressionTest -->
    </groups>
    <test started-at="2026-08-08T10:57:00 IST" name="Test_1" finished-at="2026-08-08T10:57:00 IST" duration-ms="86">
      <class name="day52.TestDemo_52_4">
        <test-method signature="login()[pri:0, instance:day52.TestDemo_52_4@4218d6a3]" started-at="2026-08-08T10:57:00 IST" name="login" finished-at="2026-08-08T10:57:00 IST" duration-ms="12" status="PASS">
          <reporter-output>
          </reporter-output>
        </test-method> <!-- login -->
        <test-method signature="logout()[pri:0, instance:day52.TestDemo_52_4@4218d6a3]" started-at="2026-08-08T10:57:00 IST" name="logout" finished-at="2026-08-08T10:57:00 IST" duration-ms="2" status="PASS">
          <reporter-output>
          </reporter-output>
        </test-method> <!-- logout -->
        <test-method signature="payment()[pri:0, instance:day52.TestDemo_52_4@4218d6a3]" started-at="2026-08-08T10:57:00 IST" name="payment" finished-at="2026-08-08T10:57:00 IST" duration-ms="2" status="PASS">
          <reporter-output>
          </reporter-output>
        </test-method> <!-- payment -->
      </class> <!-- day52.TestDemo_52_4 -->
    </test> <!-- Test_1 -->
  </suite> <!-- Suite_1 -->
</testng-results>
