<?xml version="1.0" encoding="UTF-8"?>
<!-- Generated by org.testng.reporters.JUnitXMLReporter -->
<testsuite ignored="0" hostname="DESKTOP-299J1CO" failures="1" tests="2" name="Test_1" time="0.077" errors="0" timestamp="2026-08-08T09:23:33 IST">
  <testcase classname="day51.AssertsDemo" name="testEqualFail" time="0.015">
    <failure type="java.lang.AssertionError" message="expected [Sauce Demo] but found [Swag Labs]">
      <![CDATA[java.lang.AssertionError: expected [Sauce Demo] but found [Swag Labs]
at day51.AssertsDemo.testEqualFail(AssertsDemo.java:38)
at java.base/java.util.ArrayList.forEach(ArrayList.java:1596)
... Removed 31 stack frames]]>
    </failure>
  </testcase> <!-- testEqualFail -->
  <testcase classname="day51.AssertsDemo" name="testEquals" time="0.002"/>
</testsuite> <!-- Test_1 -->
