<?xml version="1.0" encoding="UTF-8"?>
<!-- Generated by org.testng.reporters.JUnitXMLReporter -->
<testsuite ignored="0" hostname="DESKTOP-299J1CO" failures="11" tests="11" name="Test" time="0.113" errors="0" timestamp="2026-08-01T20:02:52 IST">
  <testcase classname="day51.SwagDemoTest" name="closeBrowserTest" time="0.015">
    <failure type="java.lang.RuntimeException" message="Test not implemented">
      <![CDATA[java.lang.RuntimeException: Test not implemented
at day51.SwagDemoTest.closeBrowserTest(SwagDemoTest.java:9)
at java.base/java.util.ArrayList.forEach(ArrayList.java:1596)
... Removed 25 stack frames]]>
    </failure>
  </testcase> <!-- closeBrowserTest -->
  <testcase classname="day51.SwagDemoTest" name="demoTest" time="0.001">
    <failure type="java.lang.RuntimeException" message="Test not implemented">
      <![CDATA[java.lang.RuntimeException: Test not implemented
at day51.SwagDemoTest.demoTest(SwagDemoTest.java:14)
at java.base/java.util.ArrayList.forEach(ArrayList.java:1596)
... Removed 25 stack frames]]>
    </failure>
  </testcase> <!-- demoTest -->
  <testcase classname="day51.SwagDemoTest" name="demo_2Test" time="0.001">
    <failure type="java.lang.RuntimeException" message="Test not implemented">
      <![CDATA[java.lang.RuntimeException: Test not implemented
at day51.SwagDemoTest.demo_2Test(SwagDemoTest.java:19)
at java.base/java.util.ArrayList.forEach(ArrayList.java:1596)
... Removed 25 stack frames]]>
    </failure>
  </testcase> <!-- demo_2Test -->
  <testcase classname="day51.SwagDemoTest" name="demo_3Test" time="0.002">
    <failure type="java.lang.RuntimeException" message="Test not implemented">
      <![CDATA[java.lang.RuntimeException: Test not implemented
at day51.SwagDemoTest.demo_3Test(SwagDemoTest.java:24)
at java.base/java.util.ArrayList.forEach(ArrayList.java:1596)
... Removed 25 stack frames]]>
    </failure>
  </testcase> <!-- demo_3Test -->
  <testcase classname="day51.SwagDemoTest" name="demo_4Test" time="0.001">
    <failure type="java.lang.RuntimeException" message="Test not implemented">
      <![CDATA[java.lang.RuntimeException: Test not implemented
at day51.SwagDemoTest.demo_4Test(SwagDemoTest.java:29)
at java.base/java.util.ArrayList.forEach(ArrayList.java:1596)
... Removed 25 stack frames]]>
    </failure>
  </testcase> <!-- demo_4Test -->
  <testcase classname="day51.SwagDemoTest" name="generateReportTest" time="0.001">
    <failure type="java.lang.RuntimeException" message="Test not implemented">
      <![CDATA[java.lang.RuntimeException: Test not implemented
at day51.SwagDemoTest.generateReportTest(SwagDemoTest.java:34)
at java.base/java.util.ArrayList.forEach(ArrayList.java:1596)
... Removed 25 stack frames]]>
    </failure>
  </testcase> <!-- generateReportTest -->
  <testcase classname="day51.SwagDemoTest" name="getDataTest" time="0.005">
    <failure type="java.lang.RuntimeException" message="Test not implemented">
      <![CDATA[java.lang.RuntimeException: Test not implemented
at day51.SwagDemoTest.getDataTest(SwagDemoTest.java:39)
at java.base/java.util.ArrayList.forEach(ArrayList.java:1596)
... Removed 25 stack frames]]>
    </failure>
  </testcase> <!-- getDataTest -->
  <testcase classname="day51.SwagDemoTest" name="launchBrowserTest" time="0.001">
    <failure type="java.lang.RuntimeException" message="Test not implemented">
      <![CDATA[java.lang.RuntimeException: Test not implemented
at day51.SwagDemoTest.launchBrowserTest(SwagDemoTest.java:44)
at java.base/java.util.ArrayList.forEach(ArrayList.java:1596)
... Removed 25 stack frames]]>
    </failure>
  </testcase> <!-- launchBrowserTest -->
  <testcase classname="day51.SwagDemoTest" name="test1Test" time="0.002">
    <failure type="java.lang.RuntimeException" message="Test not implemented">
      <![CDATA[java.lang.RuntimeException: Test not implemented
at day51.SwagDemoTest.test1Test(SwagDemoTest.java:49)
at java.base/java.util.ArrayList.forEach(ArrayList.java:1596)
... Removed 25 stack frames]]>
    </failure>
  </testcase> <!-- test1Test -->
  <testcase classname="day51.SwagDemoTest" name="test2Test" time="0.003">
    <failure type="java.lang.RuntimeException" message="Test not implemented">
      <![CDATA[java.lang.RuntimeException: Test not implemented
at day51.SwagDemoTest.test2Test(SwagDemoTest.java:54)
at java.base/java.util.ArrayList.forEach(ArrayList.java:1596)
... Removed 25 stack frames]]>
    </failure>
  </testcase> <!-- test2Test -->
  <testcase classname="day51.SwagDemoTest" name="test3Test" time="0.002">
    <failure type="java.lang.RuntimeException" message="Test not implemented">
      <![CDATA[java.lang.RuntimeException: Test not implemented
at day51.SwagDemoTest.test3Test(SwagDemoTest.java:59)
at java.base/java.util.ArrayList.forEach(ArrayList.java:1596)
... Removed 25 stack frames]]>
    </failure>
  </testcase> <!-- test3Test -->
</testsuite> <!-- Test -->
