<?xml version="1.0" encoding="UTF-8"?>
<!-- Generated by org.testng.reporters.JUnitXMLReporter -->
<testsuite ignored="0" hostname="DESKTOP-LADAOVK" failures="1" tests="5" name="Test" time="3.694" errors="0" timestamp="2026-08-23T10:53:09 IST">
  <testcase classname="day55.SwagDemo" name="launchBrowser" time="2.053"/>
  <testcase classname="day55.SwagDemo" name="openApplication" time="0.633"/>
  <testcase classname="day55.SwagDemo" name="login" time="0.231"/>
  <testcase classname="day55.SwagDemo" name="verifyHomePage" time="0.022">
    <failure type="java.lang.AssertionError" message="null">
      <![CDATA[java.lang.AssertionError: null
at day55.SwagDemo.verifyHomePage(SwagDemo.java:37)
at java.base/java.util.ArrayList.forEach(ArrayList.java:1596)
... Removed 27 stack frames]]>
    </failure>
  </testcase> <!-- verifyHomePage -->
  <testcase classname="day55.SwagDemo" name="closeBrowser" time="0.34"/>
</testsuite> <!-- Test -->
