<?xml version="1.0" encoding="UTF-8"?>
<!-- Generated by org.testng.reporters.JUnitXMLReporter -->
<testsuite ignored="1" hostname="DESKTOP-299J1CO" failures="0" tests="3" name="Test_1" time="0.086" errors="0" timestamp="2026-08-08T10:57:00 IST">
  <testcase classname="day52.TestDemo_52_4" name="login" time="0.012"/>
  <testcase classname="day52.TestDemo_52_4" name="logout" time="0.002"/>
  <testcase classname="day52.TestDemo_52_4" name="payment" time="0.002"/>
  <testcase classname="day52.TestDemo_52_4" name="search" time="0.0">
    <ignored/>
  </testcase> <!-- search -->
</testsuite> <!-- Test_1 -->
