<?xml version="1.0" encoding="UTF-8"?>
<!-- Generated by org.testng.reporters.JUnitReportReporter -->
<testsuite hostname="DESKTOP-299J1CO" failures="0" tests="3" name="day52.TestDemo_52_4" time="0.016" errors="0" timestamp="2026-08-08T10:57:01 IST" skipped="0">
  <testcase classname="day52.TestDemo_52_4" name="payment" time="0.002"/>
  <testcase classname="day52.TestDemo_52_4" name="logout" time="0.002"/>
  <testcase classname="day52.TestDemo_52_4" name="login" time="0.012"/>
</testsuite> <!-- day52.TestDemo_52_4 -->
