<?xml version="1.0" encoding="UTF-8"?>
<!-- Generated by org.testng.reporters.JUnitReportReporter -->
<testsuite hostname="DESKTOP-299J1CO" failures="0" tests="10" name="day50.SwagDemo" time="3.868" errors="0" timestamp="2026-08-01T22:56:09 IST" skipped="0">
  <testcase classname="day50.SwagDemo" name="launchBrowser" time="0.700"/>
  <testcase classname="day50.SwagDemo" name="launchBrowser" time="1.744"/>
  <testcase classname="day50.SwagDemo" name="openApplication" time="0.322"/>
  <testcase classname="day50.SwagDemo" name="openApplication" time="0.357"/>
  <testcase classname="day50.SwagDemo" name="login" time="0.167"/>
  <testcase classname="day50.SwagDemo" name="login" time="0.189"/>
  <testcase classname="day50.SwagDemo" name="verifyHomePage" time="0.013"/>
  <testcase classname="day50.SwagDemo" name="verifyHomePage" time="0.014"/>
  <testcase classname="day50.SwagDemo" name="closeBrowser" time="0.168"/>
  <testcase classname="day50.SwagDemo" name="closeBrowser" time="0.194"/>
</testsuite> <!-- day50.SwagDemo -->
