<?xml version="1.0" encoding="UTF-8"?>
<!-- Generated by org.testng.reporters.JUnitReportReporter -->
<testsuite hostname="DESKTOP-LADAOVK" failures="0" tests="3" name="day53.DataProviderDemo" time="0.016" errors="0" timestamp="2026-08-16T11:02:43 IST" skipped="0">
  <testcase classname="day53.DataProviderDemo" name="testData" time="0.013"/>
  <testcase classname="day53.DataProviderDemo" name="testData" time="0.002"/>
  <testcase classname="day53.DataProviderDemo" name="testData" time="0.001"/>
</testsuite> <!-- day53.DataProviderDemo -->
