<?xml version="1.0" encoding="UTF-8"?>
<!-- Generated by org.testng.reporters.JUnitReportReporter -->
<testsuite hostname="DESKTOP-LADAOVK" failures="0" tests="7" name="day56.SwagDemo" time="17.643" errors="0" timestamp="2026-09-04T14:00:17 IST" skipped="0">
  <testcase classname="day56.SwagDemo" name="cart" time="5.067"/>
  <testcase classname="day56.SwagDemo" name="launchBrowser" time="5.950"/>
  <testcase classname="day56.SwagDemo" name="openApplication" time="0.797"/>
  <testcase classname="day56.SwagDemo" name="login" time="0.443"/>
  <testcase classname="day56.SwagDemo" name="verifyHomePage" time="0.011"/>
  <testcase classname="day56.SwagDemo" name="addInventory" time="5.159"/>
  <testcase classname="day56.SwagDemo" name="closeBrowser" time="0.216"/>
</testsuite> <!-- day56.SwagDemo -->
