<?xml version="1.0" encoding="UTF-8"?>
<!-- Generated by org.testng.reporters.JUnitReportReporter -->
<testsuite hostname="DESKTOP-LADAOVK" failures="0" tests="3" name="day53.LoginTestDifferentClass" time="43.395" errors="0" timestamp="2026-08-16T11:02:43 IST" skipped="0">
  <testcase classname="day53.LoginTestDifferentClass" name="loginTest" time="14.278"/>
  <testcase classname="day53.LoginTestDifferentClass" name="loginTest" time="12.884"/>
  <testcase classname="day53.LoginTestDifferentClass" name="loginTest" time="16.233"/>
</testsuite> <!-- day53.LoginTestDifferentClass -->
