<?xml version="1.0" encoding="UTF-8"?>
<!-- Generated by org.testng.reporters.JUnitReportReporter -->
<testsuite hostname="DESKTOP-299J1CO" failures="0" tests="5" name="day50.LoginDemo" time="0.024" errors="0" timestamp="2026-07-31T22:02:02 IST" skipped="0">
  <testcase classname="day50.LoginDemo" name="login" time="0.004"/>
  <testcase classname="day50.LoginDemo" name="search" time="0.002"/>
  <testcase classname="day50.LoginDemo" name="logout" time="0.003"/>
  <testcase classname="day50.LoginDemo" name="clickOnProduct" time="0.001"/>
  <testcase classname="day50.LoginDemo" name="cart" time="0.014"/>
</testsuite> <!-- day50.LoginDemo -->
