<?xml version="1.0" encoding="UTF-8"?>
<!-- Generated by org.testng.reporters.JUnitReportReporter -->
<testsuite hostname="DESKTOP-LADAOVK" failures="0" tests="3" name="day53.LoginDataProvider" time="36.786" errors="0" timestamp="2026-08-22T10:31:03 IST" skipped="0">
  <testcase classname="day53.LoginDataProvider" name="loginTest" time="12.467"/>
  <testcase classname="day53.LoginDataProvider" name="loginTest" time="11.723"/>
  <testcase classname="day53.LoginDataProvider" name="loginTest" time="12.596"/>
</testsuite> <!-- day53.LoginDataProvider -->
