<?xml version="1.0" encoding="UTF-8"?>
<!-- Generated by org.testng.reporters.JUnitReportReporter -->
<testsuite hostname="DESKTOP-299J1CO" failures="0" tests="10" name="day50.LoginDemo2" time="0.011" errors="0" timestamp="2026-08-01T22:56:09 IST" skipped="0">
  <testcase classname="day50.LoginDemo2" name="login" time="0.003"/>
  <testcase classname="day50.LoginDemo2" name="login" time="0.001"/>
  <testcase classname="day50.LoginDemo2" name="search" time="0.001"/>
  <testcase classname="day50.LoginDemo2" name="search" time="0.000"/>
  <testcase classname="day50.LoginDemo2" name="clickOnProduct" time="0.000"/>
  <testcase classname="day50.LoginDemo2" name="clickOnProduct" time="0.001"/>
  <testcase classname="day50.LoginDemo2" name="cart" time="0.002"/>
  <testcase classname="day50.LoginDemo2" name="cart" time="0.001"/>
  <testcase classname="day50.LoginDemo2" name="logout" time="0.001"/>
  <testcase classname="day50.LoginDemo2" name="logout" time="0.001"/>
</testsuite> <!-- day50.LoginDemo2 -->
