<?xml version="1.0" encoding="UTF-8"?>
<!-- Generated by org.testng.reporters.JUnitReportReporter -->
<testsuite hostname="DESKTOP-299J1CO" failures="0" tests="5" name="day50.SwagDemo" time="2.707" errors="0" timestamp="2026-07-31T22:02:02 IST" skipped="0">
  <testcase classname="day50.SwagDemo" name="launchBrowser" time="1.787"/>
  <testcase classname="day50.SwagDemo" name="openApplication" time="0.327"/>
  <testcase classname="day50.SwagDemo" name="login" time="0.257"/>
  <testcase classname="day50.SwagDemo" name="verifyHomePage" time="0.010"/>
  <testcase classname="day50.SwagDemo" name="closeBrowser" time="0.326"/>
</testsuite> <!-- day50.SwagDemo -->
