<?xml version="1.0" encoding="UTF-8"?>
<!-- Generated by org.testng.reporters.JUnitReportReporter -->
<testsuite hostname="DESKTOP-LADAOVK" failures="0" tests="3" name="day54.CrossBrowser" time="39.838" errors="0" timestamp="2026-08-22T09:55:22 IST" skipped="0">
  <testcase classname="day54.CrossBrowser" name="testURL" time="11.486"/>
  <testcase classname="day54.CrossBrowser" name="testURL" time="16.880"/>
  <testcase classname="day54.CrossBrowser" name="testURL" time="11.472"/>
</testsuite> <!-- day54.CrossBrowser -->
