<?xml version="1.0" encoding="UTF-8"?>
<!-- Generated by org.testng.reporters.JUnitReportReporter -->
<testsuite hostname="DESKTOP-LADAOVK" failures="0" tests="3" name="day53.LoginExpectedResult" time="40.813" errors="0" timestamp="2026-08-16T10:35:21 IST" skipped="0">
  <testcase classname="day53.LoginExpectedResult" name="loginTest" time="14.030"/>
  <testcase classname="day53.LoginExpectedResult" name="loginTest" time="13.682"/>
  <testcase classname="day53.LoginExpectedResult" name="loginTest" time="13.101"/>
</testsuite> <!-- day53.LoginExpectedResult -->
