<?xml version="1.0" encoding="UTF-8"?>
<!-- Generated by org.testng.reporters.JUnitReportReporter -->
<testsuite hostname="DESKTOP-299J1CO" failures="0" tests="10" name="day50.LoginDemo" time="0.025" errors="0" timestamp="2026-08-01T22:56:10 IST" skipped="0">
  <testcase classname="day50.LoginDemo" name="cart" time="0.013"/>
  <testcase classname="day50.LoginDemo" name="search" time="0.003"/>
  <testcase classname="day50.LoginDemo" name="login" time="0.002"/>
  <testcase classname="day50.LoginDemo" name="clickOnProduct" time="0.001"/>
  <testcase classname="day50.LoginDemo" name="clickOnProduct" time="0.001"/>
  <testcase classname="day50.LoginDemo" name="search" time="0.001"/>
  <testcase classname="day50.LoginDemo" name="logout" time="0.001"/>
  <testcase classname="day50.LoginDemo" name="cart" time="0.001"/>
  <testcase classname="day50.LoginDemo" name="logout" time="0.001"/>
  <testcase classname="day50.LoginDemo" name="login" time="0.001"/>
</testsuite> <!-- day50.LoginDemo -->
