<?xml version="1.0" encoding="UTF-8"?>
<!-- Generated by org.testng.reporters.JUnitXMLReporter -->
<testsuite ignored="0" hostname="DESKTOP-299J1CO" failures="0" tests="5" name="Default test" time="2.233" errors="0" timestamp="2026-07-31T21:50:04 IST">
  <testcase classname="day50.SwagDemo" name="launchBrowser" time="1.438"/>
  <testcase classname="day50.SwagDemo" name="openApplication" time="0.284"/>
  <testcase classname="day50.SwagDemo" name="login" time="0.255"/>
  <testcase classname="day50.SwagDemo" name="verifyHomePage" time="0.014"/>
  <testcase classname="day50.SwagDemo" name="closeBrowser" time="0.167"/>
</testsuite> <!-- Default test -->
