<?xml version="1.0" encoding="UTF-8"?>
<!-- Generated by org.testng.reporters.JUnitXMLReporter -->
<testsuite ignored="0" hostname="DESKTOP-299J1CO" failures="0" tests="3" name="Default test" time="0.085" errors="0" timestamp="2026-08-08T10:37:02 IST">
  <testcase classname="day52.TestDemo_52_4" name="login" time="0.009"/>
  <testcase classname="day52.TestDemo_52_4" name="payment" time="0.001"/>
  <testcase classname="day52.TestDemo_52_4" name="search" time="0.006"/>
</testsuite> <!-- Default test -->
