<?xml version="1.0" encoding="UTF-8"?>
<!-- Generated by org.testng.reporters.JUnitXMLReporter -->
<testsuite ignored="0" hostname="DESKTOP-299J1CO" failures="0" tests="16" name="RegressionTest" time="1.407" errors="0" timestamp="2026-08-01T22:56:09 IST">
  <testcase classname="day50.LoginDemo" name="cart" time="0.001"/>
  <testcase classname="day50.LoginDemo" name="clickOnProduct" time="0.001"/>
  <testcase classname="day50.LoginDemo" name="login" time="0.001"/>
  <testcase classname="day50.LoginDemo" name="logout" time="0.001"/>
  <testcase classname="day50.LoginDemo" name="search" time="0.001"/>
  <testcase classname="day50.LoginDemo2" name="login" time="0.001"/>
  <testcase classname="day50.LoginDemo2" name="search" time="0.0"/>
  <testcase classname="day50.LoginDemo2" name="clickOnProduct" time="0.0"/>
  <testcase classname="day50.LoginDemo2" name="cart" time="0.001"/>
  <testcase classname="day50.LoginDemo2" name="logout" time="0.001"/>
  <testcase classname="day50.FirstTestNG" name="demo" time="0.0"/>
  <testcase classname="day50.SwagDemo" name="launchBrowser" time="0.7"/>
  <testcase classname="day50.SwagDemo" name="openApplication" time="0.322"/>
  <testcase classname="day50.SwagDemo" name="login" time="0.167"/>
  <testcase classname="day50.SwagDemo" name="verifyHomePage" time="0.014"/>
  <testcase classname="day50.SwagDemo" name="closeBrowser" time="0.168"/>
</testsuite> <!-- RegressionTest -->
