<?xml version="1.0" encoding="UTF-8"?>
<!-- Generated by org.testng.reporters.JUnitXMLReporter -->
<testsuite ignored="1" hostname="DESKTOP-299J1CO" failures="0" tests="2" name="MultiTest_1" time="0.007" errors="0" timestamp="2026-08-01T23:40:05 IST">
  <testcase classname="Test.SwagDemo2" name="test1" time="0.001"/>
  <testcase classname="Test.SwagDemo2" name="test2" time="0.001"/>
  <testcase classname="Test.SwagDemo2" name="test3" time="0.0">
    <ignored/>
  </testcase> <!-- test3 -->
</testsuite> <!-- MultiTest_1 -->
