<?xml version="1.0" encoding="UTF-8"?>
<!-- Generated by org.testng.reporters.JUnitXMLReporter -->
<testsuite ignored="1" hostname="DESKTOP-299J1CO" failures="0" tests="2" name="MultiTest" time="0.06" errors="0" timestamp="2026-08-01T23:40:05 IST">
  <testcase classname="Test.SwagDemo" name="test1" time="0.009"/>
  <testcase classname="Test.SwagDemo" name="test3" time="0.002"/>
  <testcase classname="Test.SwagDemo" name="test2" time="0.0">
    <ignored/>
  </testcase> <!-- test2 -->
</testsuite> <!-- MultiTest -->
